
2025-12-07 22:48:35,996 - INFO - Бағдарлама аяқталды
2025-12-08 00:09:22,023 - WARNING - Қате пароль енгізілді
2025-12-08 00:09:28,625 - INFO - QueueManager іске қосылды, 0 пациент жүктелді
2025-12-08 00:09:29,951 - INFO - Бағдарлама іске қосылды
2025-12-08 00:10:49,897 - INFO - Пациент Ахбота сақталды
2025-12-08 00:10:49,898 - INFO - Пациент қосылды: Ахбота (1)
2025-12-08 00:10:49,899 - INFO - Пациент қосылды
2025-12-08 00:11:52,608 - INFO - Пациент Лиза сақталды
2025-12-08 00:11:52,610 - INFO - Пациент қосылды: Лиза (2)
2025-12-08 00:11:52,610 - INFO - Пациент қосылды
2025-12-08 00:13:07,152 - INFO - Пациент Нұргүл сақталды
2025-12-08 00:13:07,153 - INFO - Пациент қосылды: Нұргүл (3)
2025-12-08 00:13:07,153 - INFO - Пациент қосылды
2025-12-08 00:13:14,345 - INFO - Пациент 1 өшірілді
2025-12-08 00:13:14,995 - INFO - Пациент шақырылды: Ахбота (1)
2025-12-08 00:13:14,995 - INFO - Келесі пациент шақырылды
2025-12-08 00:13:16,673 - INFO - Пациент 2 өшірілді
2025-12-08 00:13:16,892 - INFO - Пациент шақырылды: Лиза (2)
2025-12-08 00:13:16,892 - INFO - Келесі пациент шақырылды
2025-12-08 00:13:18,508 - INFO - Пациент 3 өшірілді
2025-12-08 00:13:18,733 - INFO - Пациент шақырылды: Нұргүл (3)
2025-12-08 00:13:18,734 - INFO - Келесі пациент шақырылды
2025-12-08 00:13:21,347 - INFO - Келесі пациент шақырылмады: кезекте пациент жоқ
2025-12-08 00:13:21,348 - INFO - Келесі пациент шақырылды
2025-12-08 00:28:40,647 - INFO - QueueManager іске қосылды, 0 пациент жүктелді
2025-12-08 00:28:40,657 - INFO - QueueManager іске қосылды, 0 пациент жүктелді
2025-12-08 00:28:40,660 - INFO - Пациент өшірілді: 001
2025-12-08 00:28:40,671 - INFO - QueueManager іске қосылды, 0 пациент жүктелді
2025-12-08 00:28:40,673 - INFO - Пациент жаңартылды: Alice Updated (001)
2025-12-08 00:28:40,682 - INFO - QueueManager іске қосылды, 0 пациент жүктелді
2025-12-08 00:28:40,685 - INFO - Дәрігер бойынша сүзу орындалды: Dr. Smith, табылды: 1
2025-12-08 00:28:40,695 - INFO - QueueManager іске қосылды, 0 пациент жүктелді
2025-12-08 00:28:40,697 - INFO - Пациент іздеу: alice, табылды: 1
2025-12-08 00:28:40,708 - INFO - QueueManager іске қосылды, 0 пациент жүктелді
2025-12-08 00:28:40,710 - INFO - Статистика көрсетілді: 1 дәрігер
2025-12-08 00:28:40,720 - INFO - QueueManager іске қосылды, 0 пациент жүктелді
2025-12-08 00:28:40,723 - INFO - Пациенттер сұрыпталды: критерий name
2025-12-08 22:43:40,446 - INFO - QueueManager іске қосылды, 0 пациент жүктелді
2025-12-08 22:43:40,469 - INFO - QueueManager іске қосылды, 0 пациент жүктелді
2025-12-08 22:43:40,473 - INFO - Пациент өшірілді: 001
2025-12-08 22:43:40,492 - INFO - QueueManager іске қосылды, 0 пациент жүктелді
2025-12-08 22:43:40,496 - INFO - Пациент жаңартылды: Alice Updated (001)
2025-12-08 22:43:40,515 - INFO - QueueManager іске қосылды, 0 пациент жүктелді
2025-12-08 22:43:40,518 - INFO - Дәрігер бойынша сүзу орындалды: Dr. Smith, табылды: 1
2025-12-08 22:43:40,537 - INFO - QueueManager іске қосылды, 0 пациент жүктелді
2025-12-08 22:43:40,540 - INFO - Пациент іздеу: alice, табылды: 1
2025-12-08 22:43:40,560 - INFO - QueueManager іске қосылды, 0 пациент жүктелді
2025-12-08 22:43:40,562 - INFO - Статистика көрсетілді: 1 дәрігер
2025-12-08 22:43:40,582 - INFO - QueueManager іске қосылды, 0 пациент жүктелді
2025-12-08 22:43:40,587 - INFO - Пациенттер сұрыпталды: критерий name
2025-12-08 22:44:08,184 - INFO - QueueManager іске қосылды, 0 пациент жүктелді
2025-12-08 22:44:10,071 - INFO - Бағдарлама іске қосылды
2025-12-08 22:44:38,790 - WARNING - Пациент табылмады жаңарту кезінде: 1
2025-12-08 22:44:38,791 - INFO - Пациент жаңартылды
2025-12-08 22:44:52,458 - WARNING - Қате сұрыптау критерийі енгізілді: namq
2025-12-08 22:44:52,458 - INFO - Пациенттер сұрыпталды
2025-12-10 22:49:50,299 - WARNING - Қате пароль енгізілді
2025-12-10 22:49:56,399 - WARNING - Қате пароль енгізілді
2025-12-10 22:50:04,199 - INFO - QueueManager іске қосылды, 0 пациент жүктелді
2025-12-10 22:50:06,121 - INFO - Бағдарлама іске қосылды
2025-12-10 22:50:40,535 - INFO - Пациент rtg сақталды
2025-12-10 22:50:40,536 - INFO - Пациент қосылды: rtg (1)
2025-12-10 22:50:40,536 - INFO - Пациент қосылды
2025-12-10 22:51:00,094 - INFO - Пациент yt сақталды
2025-12-10 22:51:00,095 - INFO - Пациент қосылды: yt (tyu)
2025-12-10 22:51:00,096 - INFO - Пациент қосылды
2025-12-10 22:51:04,441 - WARNING - Қате таңдау жасалды: a
2025-12-10 22:51:05,959 - WARNING - Қате таңдау жасалды: s
2025-12-10 22:51:29,453 - INFO - Барлық пациенттер көрсетілді, саны: 2
2025-12-10 22:51:29,454 - INFO - Барлық пациенттер көрсетілді
2025-12-10 22:51:43,026 - INFO - Пациент 1 өшірілді
2025-12-10 22:51:43,027 - INFO - Пациент өшірілді: 1
2025-12-10 22:51:43,028 - INFO - Пациент өшірілді
2025-12-10 22:51:50,524 - INFO - Барлық пациенттер көрсетілді, саны: 1
2025-12-10 22:51:50,525 - INFO - Барлық пациенттер көрсетілді
2025-12-10 22:52:09,900 - INFO - Пациент mm сақталды
2025-12-10 22:52:09,901 - INFO - Пациент қосылды: mm (1)
2025-12-10 22:52:09,902 - INFO - Пациент қосылды
2025-12-10 22:52:41,556 - INFO - Дәрігер бойынша сүзу орындалды: r, табылды: 1
2025-12-10 22:52:41,557 - INFO - Дәрігер бойынша сүзу орындалды
2025-12-10 22:52:55,456 - INFO - Пациент іздеу: 1, табылды: 1
2025-12-10 22:52:55,457 - INFO - Пациент іздеу орындалды
2025-12-10 22:53:07,958 - INFO - Статистика көрсетілді: 2 дәрігер
2025-12-10 22:53:07,959 - INFO - Статистика көрсетілді
2025-12-10 22:53:27,183 - INFO - Пациенттер сұрыпталды: критерий name
2025-12-10 22:53:27,184 - INFO - Пациенттер сұрыпталды
2025-12-10 22:54:14,899 - INFO - Пациенттер сұрыпталды: критерий id
2025-12-10 22:54:14,903 - INFO - Пациенттер сұрыпталды
2025-12-10 22:55:04,145 - ERROR - Негізгі циклда қате шықты: [Errno 13] Permission denied: 'patients.xlsx'
Traceback (most recent call last):
  File "c:\Users\user\Documents\projectclinic_queue\main.py", line 59, in main
    queue.update_patient()
    ~~~~~~~~~~~~~~~~~~~~^^
  File "c:\Users\user\Documents\projectclinic_queue\queue_system\queue_manager.py", line 121, in update_patient
    self.storage.remove_patient_by_id(patient_id)
    ~~~~~~~~~~~~~~~~~~~~~~~~~~~~~~~~~^^^^^^^^^^^^
  File "c:\Users\user\Documents\projectclinic_queue\storage\excel_storage.py", line 43, in remove_patient_by_id
    self.wb.save(FILE_NAME)
    ~~~~~~~~~~~~^^^^^^^^^^^
  File "C:\Users\user\AppData\Local\Programs\Python\Python313\Lib\site-packages\openpyxl\workbook\workbook.py", line 386, in save
    save_workbook(self, filename)
    ~~~~~~~~~~~~~^^^^^^^^^^^^^^^^
  File "C:\Users\user\AppData\Local\Programs\Python\Python313\Lib\site-packages\openpyxl\writer\excel.py", line 291, in save_workbook
    archive = ZipFile(filename, 'w', ZIP_DEFLATED, allowZip64=True)
  File "C:\Users\user\AppData\Local\Programs\Python\Python313\Lib\zipfile\__init__.py", line 1367, in __init__
    self.fp = io.open(file, filemode)
              ~~~~~~~^^^^^^^^^^^^^^^^
PermissionError: [Errno 13] Permission denied: 'patients.xlsx'
2025-12-10 22:55:40,011 - WARNING - Қате пароль енгізілді
2025-12-10 22:55:47,543 - INFO - QueueManager іске қосылды, 2 пациент жүктелді
2025-12-10 22:55:49,272 - INFO - Бағдарлама іске қосылды
2025-12-10 22:56:45,426 - INFO - QueueManager іске қосылды, 2 пациент жүктелді
2025-12-10 22:56:47,072 - INFO - Бағдарлама іске қосылды
2025-12-10 22:56:54,882 - INFO - Пациент 1 өшірілді
2025-12-10 22:56:54,882 - INFO - Пациент өшірілді: 1
2025-12-10 22:56:54,883 - INFO - Пациент өшірілді
2025-12-10 22:57:04,501 - WARNING - Пациент табылмады өшіру кезінде: 
2025-12-10 22:57:04,501 - INFO - Пациент өшірілді
2025-12-10 22:57:13,095 - INFO - Пациент tyu өшірілді
2025-12-10 22:57:14,045 - INFO - Пациент шақырылды: yt (tyu)
2025-12-10 22:57:14,046 - INFO - Келесі пациент шақырылды
2025-12-10 22:59:09,095 - INFO - Пациент  сақталды
2025-12-10 22:59:09,096 - INFO - Пациент қосылды:  ()
2025-12-10 22:59:09,096 - INFO - Пациент қосылды
2025-12-10 22:59:35,747 - INFO - Пациент  өшірілді
2025-12-10 22:59:36,556 - INFO - Пациент шақырылды:  ()
2025-12-10 22:59:36,556 - INFO - Келесі пациент шақырылды
2025-12-10 23:00:47,625 - INFO - Пациент Аружан Кәрім сақталды
2025-12-10 23:00:47,626 - INFO - Пациент қосылды: Аружан Кәрім (1)
2025-12-10 23:00:47,626 - INFO - Пациент қосылды
2025-12-10 23:01:53,842 - INFO - Пациент Индира Маратқызы сақталды
2025-12-10 23:01:53,842 - INFO - Пациент қосылды: Индира Маратқызы (2)
2025-12-10 23:01:53,843 - INFO - Пациент қосылды
2025-12-10 23:02:48,051 - INFO - Пациент Әсем Ерболқызы сақталды
2025-12-10 23:02:48,052 - INFO - Пациент қосылды: Әсем Ерболқызы (3)
2025-12-10 23:02:48,053 - INFO - Пациент қосылды
2025-12-10 23:03:52,213 - INFO - Пациент Жанар Амангелді сақталды
2025-12-10 23:03:52,214 - INFO - Пациент қосылды: Жанар Амангелді (4)
2025-12-10 23:03:52,214 - INFO - Пациент қосылды
2025-12-10 23:04:18,112 - INFO - Дәрігер бойынша сүзу: пациент табылмады ()
2025-12-10 23:04:18,112 - INFO - Дәрігер бойынша сүзу орындалды
2025-12-10 23:05:45,284 - INFO - Пациент Гүлім Айтжан сақталды
2025-12-10 23:05:45,285 - INFO - Пациент қосылды: Гүлім Айтжан (5)
2025-12-10 23:05:45,285 - INFO - Пациент қосылды
2025-12-10 23:05:52,701 - INFO - Дәрігер бойынша сүзу: пациент табылмады ()
2025-12-10 23:05:52,702 - INFO - Дәрігер бойынша сүзу орындалды
2025-12-10 23:06:45,519 - INFO - Пациент Аяна Бақыт сақталды
2025-12-10 23:06:45,519 - INFO - Пациент қосылды: Аяна Бақыт (6)
2025-12-10 23:06:45,520 - INFO - Пациент қосылды
2025-12-10 23:06:49,865 - INFO - Барлық пациенттер көрсетілді, саны: 6
2025-12-10 23:06:49,865 - INFO - Барлық пациенттер көрсетілді
2025-12-10 23:07:58,361 - INFO - Пациент Сабина Жеңіс сақталды
2025-12-10 23:07:58,362 - INFO - Пациент қосылды: Сабина Жеңіс (7)
2025-12-10 23:07:58,362 - INFO - Пациент қосылды
2025-12-10 23:09:54,800 - INFO - Пациент Айгерім Нұрмұхан сақталды
2025-12-10 23:09:54,801 - INFO - Пациент қосылды: Айгерім Нұрмұхан (8)
2025-12-10 23:09:54,802 - INFO - Пациент қосылды
2025-12-10 23:10:17,634 - INFO - Пациент 8 өшірілді
2025-12-10 23:10:17,698 - INFO - Пациент Айгерім Нұрмұхан сақталды
2025-12-10 23:10:17,699 - INFO - Пациент жаңартылды: Айгерім Нұрмұхан (8)
2025-12-10 23:10:17,700 - INFO - Пациент жаңартылды
2025-12-10 23:10:21,710 - INFO - Барлық пациенттер көрсетілді, саны: 8
2025-12-10 23:10:21,711 - INFO - Барлық пациенттер көрсетілді
2025-12-10 23:12:13,498 - INFO - Пациент 1 өшірілді
2025-12-10 23:12:14,317 - INFO - Пациент шақырылды: Аружан Кәрім (1)
2025-12-10 23:12:14,317 - INFO - Келесі пациент шақырылды
2025-12-10 23:13:40,030 - INFO - Пациент Аружан Кәрім сақталды
2025-12-10 23:13:40,031 - INFO - Пациент қосылды: Аружан Кәрім (1)
2025-12-10 23:13:40,032 - INFO - Пациент қосылды
2025-12-10 23:13:53,244 - INFO - Барлық пациенттер көрсетілді, саны: 8
2025-12-10 23:13:53,245 - INFO - Барлық пациенттер көрсетілді
2025-12-10 23:14:07,329 - INFO - Пациенттер сұрыпталды: критерий id
2025-12-10 23:14:07,330 - INFO - Пациенттер сұрыпталды
2025-12-10 23:14:13,680 - INFO - Барлық пациенттер көрсетілді, саны: 8
2025-12-10 23:14:13,681 - INFO - Барлық пациенттер көрсетілді
2025-12-10 23:15:22,502 - INFO - Пациент Алина Төлеген сақталды
2025-12-10 23:15:22,503 - INFO - Пациент қосылды: Алина Төлеген (9)
2025-12-10 23:15:22,504 - INFO - Пациент қосылды
2025-12-10 23:15:27,407 - INFO - Бағдарлама аяқталды
2025-12-10 23:16:04,190 - INFO - QueueManager іске қосылды, 9 пациент жүктелді
2025-12-10 23:16:04,205 - INFO - QueueManager іске қосылды, 9 пациент жүктелді
2025-12-10 23:16:04,208 - INFO - Пациент өшірілді: 001
2025-12-10 23:16:04,223 - INFO - QueueManager іске қосылды, 9 пациент жүктелді
2025-12-10 23:16:04,226 - INFO - Пациент жаңартылды: Alice Updated (001)
2025-12-10 23:16:04,242 - INFO - QueueManager іске қосылды, 9 пациент жүктелді
2025-12-10 23:16:04,245 - INFO - Дәрігер бойынша сүзу орындалды: Dr. Smith, табылды: 1
2025-12-10 23:16:04,261 - INFO - QueueManager іске қосылды, 9 пациент жүктелді
2025-12-10 23:16:04,264 - INFO - Пациент іздеу: alice, табылды: 1
2025-12-10 23:16:04,278 - INFO - QueueManager іске қосылды, 9 пациент жүктелді
2025-12-10 23:16:04,283 - INFO - Статистика көрсетілді: 1 дәрігер
2025-12-10 23:16:04,300 - INFO - QueueManager іске қосылды, 9 пациент жүктелді
2025-12-10 23:16:04,302 - INFO - Пациенттер сұрыпталды: критерий name
2025-12-10 23:20:29,814 - INFO - QueueManager іске қосылды, 9 пациент жүктелді
2025-12-10 23:20:31,565 - INFO - Бағдарлама іске қосылды
2025-12-10 23:20:53,017 - INFO - Пациенттер сұрыпталды: критерий doctor
2025-12-10 23:20:53,018 - INFO - Пациенттер сұрыпталды
2025-12-10 23:22:00,971 - INFO - Пациенттер сұрыпталды: критерий id
2025-12-10 23:22:00,971 - INFO - Пациенттер сұрыпталды
2025-12-10 23:22:31,000 - INFO - Пациенттер сұрыпталды: критерий id
2025-12-10 23:22:31,001 - INFO - Пациенттер сұрыпталды
2025-12-10 23:23:17,328 - INFO - Барлық пациенттер көрсетілді, саны: 9
2025-12-10 23:23:17,329 - INFO - Барлық пациенттер көрсетілді
2025-12-10 23:23:39,698 - INFO - Пациенттер сұрыпталды: критерий name
2025-12-10 23:23:39,698 - INFO - Пациенттер сұрыпталды
2025-12-10 23:23:42,675 - INFO - Барлық пациенттер көрсетілді, саны: 9
2025-12-10 23:23:42,676 - INFO - Барлық пациенттер көрсетілді
2025-12-10 23:24:00,703 - INFO - Пациенттер сұрыпталды: критерий id
2025-12-10 23:24:00,704 - INFO - Пациенттер сұрыпталды
2025-12-10 23:24:09,026 - INFO - Барлық пациенттер көрсетілді, саны: 9
2025-12-10 23:24:09,026 - INFO - Барлық пациенттер көрсетілді
2025-12-10 23:25:48,383 - INFO - Пациент Дильнара Сағындық сақталды
2025-12-10 23:25:48,384 - INFO - Пациент қосылды: Дильнара Сағындық (10)
2025-12-10 23:25:48,384 - INFO - Пациент қосылды
2025-12-11 11:50:08,515 - INFO - QueueManager іске қосылды, 10 пациент жүктелді
2025-12-11 11:50:10,415 - INFO - Бағдарлама іске қосылды
2025-12-11 11:50:14,556 - INFO - Барлық пациенттер көрсетілді, саны: 10
2025-12-11 11:50:14,557 - INFO - Барлық пациенттер көрсетілді
2025-12-11 11:50:28,334 - INFO - Пациенттер сұрыпталды: критерий id
2025-12-11 11:50:28,335 - INFO - Пациенттер сұрыпталды
2025-12-11 11:50:31,932 - INFO - Барлық пациенттер көрсетілді, саны: 10
2025-12-11 11:50:31,932 - INFO - Барлық пациенттер көрсетілді
2025-12-11 11:50:51,612 - INFO - Пациенттер сұрыпталды: критерий id
2025-12-11 11:50:51,613 - INFO - Пациенттер сұрыпталды
2025-12-11 11:50:55,793 - INFO - Барлық пациенттер көрсетілді, саны: 10
2025-12-11 11:50:55,794 - INFO - Барлық пациенттер көрсетілді
2025-12-11 11:51:17,378 - INFO - QueueManager іске қосылды, 10 пациент жүктелді
2025-12-11 11:51:19,045 - INFO - Бағдарлама іске қосылды
2025-12-11 12:26:26,635 - INFO - QueueManager іске қосылды, 10 пациент жүктелді
2025-12-11 12:26:28,376 - INFO - Бағдарлама іске қосылды
2025-12-11 12:26:32,460 - INFO - Барлық пациенттер көрсетілді, саны: 10
2025-12-11 12:26:32,461 - INFO - Барлық пациенттер көрсетілді
2025-12-11 12:27:43,373 - INFO - QueueManager іске қосылды, 10 пациент жүктелді
2025-12-11 12:27:45,086 - INFO - Бағдарлама іске қосылды
2025-12-11 12:27:48,251 - INFO - Пациент 2 өшірілді
2025-12-11 12:27:48,705 - INFO - Пациент шақырылды: Индира Маратқызы (2)
2025-12-11 12:27:48,706 - INFO - Келесі пациент шақырылды
2025-12-12 01:35:47,677 - WARNING - Қате таңдау жасалды: & C:/Users/user/AppData/Local/Programs/Python/Python313/python.exe c:/Users/user/Documents/projectclinic_queue/test_queue_full_mock.py
2025-12-12 01:36:04,212 - INFO - QueueManager іске қосылды, 9 пациент жүктелді
2025-12-12 01:36:04,234 - INFO - QueueManager іске қосылды, 9 пациент жүктелді
2025-12-12 01:36:04,238 - INFO - Пациент өшірілді: 001
2025-12-12 01:36:04,253 - INFO - QueueManager іске қосылды, 9 пациент жүктелді
2025-12-12 01:36:04,257 - INFO - Пациент жаңартылды: Alice Updated (001)
2025-12-12 01:36:04,270 - INFO - QueueManager іске қосылды, 9 пациент жүктелді
2025-12-12 01:36:04,273 - INFO - Дәрігер бойынша сүзу орындалды: Dr. Smith, табылды: 1
2025-12-12 01:36:04,288 - INFO - QueueManager іске қосылды, 9 пациент жүктелді
2025-12-12 01:36:04,291 - INFO - Пациент іздеу: alice, табылды: 1
2025-12-12 01:36:04,306 - INFO - QueueManager іске қосылды, 9 пациент жүктелді
2025-12-12 01:36:04,308 - INFO - Статистика көрсетілді: 1 дәрігер
2025-12-12 01:36:04,322 - INFO - QueueManager іске қосылды, 9 пациент жүктелді
2025-12-12 01:36:04,324 - INFO - Пациенттер сұрыпталды: критерий name
2025-12-12 02:05:48,865 - WARNING - Қате таңдау жасалды: & C:/Users/user/AppData/Local/Programs/Python/Python313/python.exe c:/Users/user/Documents/projectclinic_queue/test/test.py
2025-12-12 02:07:14,284 - WARNING - Қате таңдау жасалды: & C:/Users/user/AppData/Local/Programs/Python/Python313/python.exe c:/Users/user/Documents/projectclinic_queue/test/test.py
2025-12-12 02:09:18,656 - INFO - QueueManager іске қосылды, 9 пациент жүктелді
2025-12-12 02:09:20,539 - INFO - Бағдарлама іске қосылды
2025-12-12 02:14:09,153 - INFO - QueueManager іске қосылды, 9 пациент жүктелді
2025-12-12 02:14:09,172 - INFO - QueueManager іске қосылды, 9 пациент жүктелді
2025-12-12 02:14:09,176 - INFO - Пациент өшірілді: 001
2025-12-12 02:14:09,190 - INFO - QueueManager іске қосылды, 9 пациент жүктелді
2025-12-12 02:14:09,193 - INFO - Пациент жаңартылды: Alice Updated (001)
2025-12-12 02:14:09,209 - INFO - QueueManager іске қосылды, 9 пациент жүктелді
2025-12-12 02:14:09,211 - INFO - Дәрігер бойынша сүзу орындалды: Dr. Smith, табылды: 1
2025-12-12 02:14:09,229 - INFO - QueueManager іске қосылды, 9 пациент жүктелді
2025-12-12 02:14:09,232 - INFO - Пациент іздеу: alice, табылды: 1
2025-12-12 02:14:09,247 - INFO - QueueManager іске қосылды, 9 пациент жүктелді
2025-12-12 02:14:09,249 - INFO - Статистика көрсетілді: 1 дәрігер
2025-12-12 02:14:09,264 - INFO - QueueManager іске қосылды, 9 пациент жүктелді
2025-12-12 02:14:09,267 - INFO - Пациенттер сұрыпталды: критерий name
2025-12-12 02:15:55,107 - INFO - QueueManager іске қосылды, 9 пациент жүктелді
2025-12-12 02:15:55,120 - INFO - QueueManager іске қосылды, 9 пациент жүктелді
2025-12-12 02:15:55,125 - INFO - Пациент өшірілді: 001
2025-12-12 02:15:55,139 - INFO - QueueManager іске қосылды, 9 пациент жүктелді
2025-12-12 02:15:55,144 - INFO - Пациент жаңартылды: Alice Updated (001)
2025-12-12 02:15:55,159 - INFO - QueueManager іске қосылды, 9 пациент жүктелді
2025-12-12 02:15:55,162 - INFO - Дәрігер бойынша сүзу орындалды: Dr. Smith, табылды: 1
2025-12-12 02:15:55,177 - INFO - QueueManager іске қосылды, 9 пациент жүктелді
2025-12-12 02:15:55,180 - INFO - Пациент іздеу: alice, табылды: 1
2025-12-12 02:15:55,197 - INFO - QueueManager іске қосылды, 9 пациент жүктелді
2025-12-12 02:15:55,199 - INFO - Статистика көрсетілді: 1 дәрігер
2025-12-12 02:15:55,213 - INFO - QueueManager іске қосылды, 9 пациент жүктелді
2025-12-12 02:15:55,216 - INFO - Пациенттер сұрыпталды: критерий name
2025-12-12 02:16:02,974 - INFO - QueueManager іске қосылды, 9 пациент жүктелді
2025-12-12 02:16:02,996 - INFO - QueueManager іске қосылды, 9 пациент жүктелді
2025-12-12 02:16:03,000 - INFO - Пациент өшірілді: 001
2025-12-12 02:16:03,014 - INFO - QueueManager іске қосылды, 9 пациент жүктелді
2025-12-12 02:16:03,017 - INFO - Пациент жаңартылды: Alice Updated (001)
2025-12-12 02:16:03,031 - INFO - QueueManager іске қосылды, 9 пациент жүктелді
2025-12-12 02:16:03,034 - INFO - Дәрігер бойынша сүзу орындалды: Dr. Smith, табылды: 1
2025-12-12 02:16:03,049 - INFO - QueueManager іске қосылды, 9 пациент жүктелді
2025-12-12 02:16:03,052 - INFO - Пациент іздеу: alice, табылды: 1
2025-12-12 02:16:03,068 - INFO - QueueManager іске қосылды, 9 пациент жүктелді
2025-12-12 02:16:03,071 - INFO - Статистика көрсетілді: 1 дәрігер
2025-12-12 02:16:03,085 - INFO - QueueManager іске қосылды, 9 пациент жүктелді
2025-12-12 02:16:03,088 - INFO - Пациенттер сұрыпталды: критерий name
2025-12-12 02:54:38,227 - INFO - QueueManager іске қосылды, 9 пациент жүктелді
2025-12-12 02:54:38,243 - INFO - QueueManager іске қосылды, 9 пациент жүктелді
2025-12-12 02:54:38,247 - INFO - Пациент өшірілді: 001
2025-12-12 02:54:38,261 - INFO - QueueManager іске қосылды, 9 пациент жүктелді
2025-12-12 02:54:38,264 - INFO - Пациент жаңартылды: Alice Updated (001)
2025-12-12 02:54:38,280 - INFO - QueueManager іске қосылды, 9 пациент жүктелді
2025-12-12 02:54:38,284 - INFO - Дәрігер бойынша сүзу орындалды: Dr. Smith, табылды: 1
2025-12-12 02:54:38,301 - INFO - QueueManager іске қосылды, 9 пациент жүктелді
2025-12-12 02:54:38,304 - INFO - Пациент іздеу: alice, табылды: 1
2025-12-12 02:54:38,321 - INFO - QueueManager іске қосылды, 9 пациент жүктелді
2025-12-12 02:54:38,323 - INFO - Статистика көрсетілді: 1 дәрігер
2025-12-12 02:54:38,338 - INFO - QueueManager іске қосылды, 9 пациент жүктелді
2025-12-12 02:54:38,341 - INFO - Пациенттер сұрыпталды: критерий name
